1563282160706	mozrunner::runner	INFO	Running command: "/Applications/Firefox.app/Contents/MacOS/firefox-bin" "-marionette" "-foreground" "-no-remote" "-profile" "/var/folders/q4/slcj8vl16nb1hll_m3j12cym0000gn/T/rust_mozprofile.kYyQSDtekhNr"
1563282161269	addons.webextension.screenshots@mozilla.org	WARN	Loading extension 'screenshots@mozilla.org': Reading manifest: Invalid extension permission: mozillaAddons
1563282161269	addons.webextension.screenshots@mozilla.org	WARN	Loading extension 'screenshots@mozilla.org': Reading manifest: Invalid extension permission: telemetry
1563282161270	addons.webextension.screenshots@mozilla.org	WARN	Loading extension 'screenshots@mozilla.org': Reading manifest: Invalid extension permission: resource://pdf.js/
1563282161270	addons.webextension.screenshots@mozilla.org	WARN	Loading extension 'screenshots@mozilla.org': Reading manifest: Invalid extension permission: about:reader*
1563282162836	Marionette	INFO	Listening on port 51426
1563282162870	Marionette	WARN	TLS certificate errors will be ignored for this session
1563282173359	Marionette	INFO	Stopped listening on port 51426
1563282176069	mozrunner::runner	INFO	Running command: "/Applications/Firefox.app/Contents/MacOS/firefox-bin" "-marionette" "-foreground" "-no-remote" "-profile" "/var/folders/q4/slcj8vl16nb1hll_m3j12cym0000gn/T/rust_mozprofile.B6sGMa1b4e7n"
1563282176577	addons.webextension.screenshots@mozilla.org	WARN	Loading extension 'screenshots@mozilla.org': Reading manifest: Invalid extension permission: mozillaAddons
1563282176577	addons.webextension.screenshots@mozilla.org	WARN	Loading extension 'screenshots@mozilla.org': Reading manifest: Invalid extension permission: telemetry
1563282176577	addons.webextension.screenshots@mozilla.org	WARN	Loading extension 'screenshots@mozilla.org': Reading manifest: Invalid extension permission: resource://pdf.js/
1563282176578	addons.webextension.screenshots@mozilla.org	WARN	Loading extension 'screenshots@mozilla.org': Reading manifest: Invalid extension permission: about:reader*
1563282178267	Marionette	INFO	Listening on port 51487
1563282178320	Marionette	WARN	TLS certificate errors will be ignored for this session
1563282188392	Marionette	INFO	Stopped listening on port 51487
1563282190967	mozrunner::runner	INFO	Running command: "/Applications/Firefox.app/Contents/MacOS/firefox-bin" "-marionette" "-foreground" "-no-remote" "-profile" "/var/folders/q4/slcj8vl16nb1hll_m3j12cym0000gn/T/rust_mozprofile.doc0M6gOyx3h"
1563282191461	addons.webextension.screenshots@mozilla.org	WARN	Loading extension 'screenshots@mozilla.org': Reading manifest: Invalid extension permission: mozillaAddons
1563282191462	addons.webextension.screenshots@mozilla.org	WARN	Loading extension 'screenshots@mozilla.org': Reading manifest: Invalid extension permission: telemetry
1563282191462	addons.webextension.screenshots@mozilla.org	WARN	Loading extension 'screenshots@mozilla.org': Reading manifest: Invalid extension permission: resource://pdf.js/
1563282191462	addons.webextension.screenshots@mozilla.org	WARN	Loading extension 'screenshots@mozilla.org': Reading manifest: Invalid extension permission: about:reader*
1563282193050	Marionette	INFO	Listening on port 51550
1563282193129	Marionette	WARN	TLS certificate errors will be ignored for this session
1563282205076	Marionette	INFO	Stopped listening on port 51550
console.warn: "Error while detaching the thread front: 'detach' request packet to 'server1.conn0.child1/context18' can't be sent as the connection is closed."
1563282208881	mozrunner::runner	INFO	Running command: "/Applications/Firefox.app/Contents/MacOS/firefox-bin" "-marionette" "-foreground" "-no-remote" "-profile" "/var/folders/q4/slcj8vl16nb1hll_m3j12cym0000gn/T/rust_mozprofile.h1Lb5UUZlGdp"
1563282209368	addons.webextension.screenshots@mozilla.org	WARN	Loading extension 'screenshots@mozilla.org': Reading manifest: Invalid extension permission: mozillaAddons
1563282209368	addons.webextension.screenshots@mozilla.org	WARN	Loading extension 'screenshots@mozilla.org': Reading manifest: Invalid extension permission: telemetry
1563282209368	addons.webextension.screenshots@mozilla.org	WARN	Loading extension 'screenshots@mozilla.org': Reading manifest: Invalid extension permission: resource://pdf.js/
1563282209368	addons.webextension.screenshots@mozilla.org	WARN	Loading extension 'screenshots@mozilla.org': Reading manifest: Invalid extension permission: about:reader*
1563282210935	Marionette	INFO	Listening on port 51610
1563282211030	Marionette	WARN	TLS certificate errors will be ignored for this session
1563282223404	Marionette	INFO	Stopped listening on port 51610
console.error: "Task cancelled"
console.error: "Task cancelled"
console.warn: "Error while detaching the thread front: 'detach' request packet to 'server1.conn0.child1/context18' can't be sent as the connection is closed."
1563282227284	mozrunner::runner	INFO	Running command: "/Applications/Firefox.app/Contents/MacOS/firefox-bin" "-marionette" "-foreground" "-no-remote" "-profile" "/var/folders/q4/slcj8vl16nb1hll_m3j12cym0000gn/T/rust_mozprofile.LWSonPhpq6lh"
1563282227782	addons.webextension.screenshots@mozilla.org	WARN	Loading extension 'screenshots@mozilla.org': Reading manifest: Invalid extension permission: mozillaAddons
1563282227783	addons.webextension.screenshots@mozilla.org	WARN	Loading extension 'screenshots@mozilla.org': Reading manifest: Invalid extension permission: telemetry
1563282227783	addons.webextension.screenshots@mozilla.org	WARN	Loading extension 'screenshots@mozilla.org': Reading manifest: Invalid extension permission: resource://pdf.js/
1563282227783	addons.webextension.screenshots@mozilla.org	WARN	Loading extension 'screenshots@mozilla.org': Reading manifest: Invalid extension permission: about:reader*
1563282229364	Marionette	INFO	Listening on port 51671
1563282229426	Marionette	WARN	TLS certificate errors will be ignored for this session
1563282264866	mozrunner::runner	INFO	Running command: "/Applications/Firefox.app/Contents/MacOS/firefox-bin" "-marionette" "-foreground" "-no-remote" "-profile" "/var/folders/q4/slcj8vl16nb1hll_m3j12cym0000gn/T/rust_mozprofile.iSm9t0aoTfe9"
1563282265410	addons.webextension.screenshots@mozilla.org	WARN	Loading extension 'screenshots@mozilla.org': Reading manifest: Invalid extension permission: mozillaAddons
1563282265410	addons.webextension.screenshots@mozilla.org	WARN	Loading extension 'screenshots@mozilla.org': Reading manifest: Invalid extension permission: telemetry
1563282265410	addons.webextension.screenshots@mozilla.org	WARN	Loading extension 'screenshots@mozilla.org': Reading manifest: Invalid extension permission: resource://pdf.js/
1563282265410	addons.webextension.screenshots@mozilla.org	WARN	Loading extension 'screenshots@mozilla.org': Reading manifest: Invalid extension permission: about:reader*
1563282267051	Marionette	INFO	Listening on port 51733
1563282267121	Marionette	WARN	TLS certificate errors will be ignored for this session
console.warn: "Error while detaching the thread front: 'detach' request packet to 'server1.conn0.child1/context18' can't be sent as the connection is closed."
1563282278061	mozrunner::runner	INFO	Running command: "/Applications/Firefox.app/Contents/MacOS/firefox-bin" "-marionette" "-foreground" "-no-remote" "-profile" "/var/folders/q4/slcj8vl16nb1hll_m3j12cym0000gn/T/rust_mozprofile.nffDhtDc443h"
1563282278597	addons.webextension.screenshots@mozilla.org	WARN	Loading extension 'screenshots@mozilla.org': Reading manifest: Invalid extension permission: mozillaAddons
1563282278598	addons.webextension.screenshots@mozilla.org	WARN	Loading extension 'screenshots@mozilla.org': Reading manifest: Invalid extension permission: telemetry
1563282278598	addons.webextension.screenshots@mozilla.org	WARN	Loading extension 'screenshots@mozilla.org': Reading manifest: Invalid extension permission: resource://pdf.js/
1563282278598	addons.webextension.screenshots@mozilla.org	WARN	Loading extension 'screenshots@mozilla.org': Reading manifest: Invalid extension permission: about:reader*
1563282280205	Marionette	INFO	Listening on port 51795
1563282280224	Marionette	WARN	TLS certificate errors will be ignored for this session
1563282286136	Marionette	INFO	Stopped listening on port 51671
1563282289111	Marionette	INFO	Stopped listening on port 51795
1563282293059	Marionette	INFO	Stopped listening on port 51733
1563282297344	mozrunner::runner	INFO	Running command: "/Applications/Firefox.app/Contents/MacOS/firefox-bin" "-marionette" "-foreground" "-no-remote" "-profile" "/var/folders/q4/slcj8vl16nb1hll_m3j12cym0000gn/T/rust_mozprofile.xZ2t4zmAk21E"
1563282297824	addons.webextension.screenshots@mozilla.org	WARN	Loading extension 'screenshots@mozilla.org': Reading manifest: Invalid extension permission: mozillaAddons
1563282297824	addons.webextension.screenshots@mozilla.org	WARN	Loading extension 'screenshots@mozilla.org': Reading manifest: Invalid extension permission: telemetry
1563282297824	addons.webextension.screenshots@mozilla.org	WARN	Loading extension 'screenshots@mozilla.org': Reading manifest: Invalid extension permission: resource://pdf.js/
1563282297824	addons.webextension.screenshots@mozilla.org	WARN	Loading extension 'screenshots@mozilla.org': Reading manifest: Invalid extension permission: about:reader*
1563282299394	Marionette	INFO	Listening on port 51853
1563282299402	Marionette	WARN	TLS certificate errors will be ignored for this session
1563282310044	Marionette	INFO	Stopped listening on port 51853
1563282312692	mozrunner::runner	INFO	Running command: "/Applications/Firefox.app/Contents/MacOS/firefox-bin" "-marionette" "-foreground" "-no-remote" "-profile" "/var/folders/q4/slcj8vl16nb1hll_m3j12cym0000gn/T/rust_mozprofile.WZyzzrjWSdJ8"
1563282313133	addons.webextension.screenshots@mozilla.org	WARN	Loading extension 'screenshots@mozilla.org': Reading manifest: Invalid extension permission: mozillaAddons
1563282313133	addons.webextension.screenshots@mozilla.org	WARN	Loading extension 'screenshots@mozilla.org': Reading manifest: Invalid extension permission: telemetry
1563282313133	addons.webextension.screenshots@mozilla.org	WARN	Loading extension 'screenshots@mozilla.org': Reading manifest: Invalid extension permission: resource://pdf.js/
1563282313133	addons.webextension.screenshots@mozilla.org	WARN	Loading extension 'screenshots@mozilla.org': Reading manifest: Invalid extension permission: about:reader*
1563282314642	Marionette	INFO	Listening on port 51912
1563282314648	Marionette	WARN	TLS certificate errors will be ignored for this session
1563282344583	mozrunner::runner	INFO	Running command: "/Applications/Firefox.app/Contents/MacOS/firefox-bin" "-marionette" "-foreground" "-no-remote" "-profile" "/var/folders/q4/slcj8vl16nb1hll_m3j12cym0000gn/T/rust_mozprofile.2d8QSDcFgujE"
1563282345067	addons.webextension.screenshots@mozilla.org	WARN	Loading extension 'screenshots@mozilla.org': Reading manifest: Invalid extension permission: mozillaAddons
1563282345067	addons.webextension.screenshots@mozilla.org	WARN	Loading extension 'screenshots@mozilla.org': Reading manifest: Invalid extension permission: telemetry
1563282345067	addons.webextension.screenshots@mozilla.org	WARN	Loading extension 'screenshots@mozilla.org': Reading manifest: Invalid extension permission: resource://pdf.js/
1563282345067	addons.webextension.screenshots@mozilla.org	WARN	Loading extension 'screenshots@mozilla.org': Reading manifest: Invalid extension permission: about:reader*
1563282346625	Marionette	INFO	Listening on port 51996
1563282346639	Marionette	WARN	TLS certificate errors will be ignored for this session
1563282357237	Marionette	INFO	Stopped listening on port 51996
1563282359971	mozrunner::runner	INFO	Running command: "/Applications/Firefox.app/Contents/MacOS/firefox-bin" "-marionette" "-foreground" "-no-remote" "-profile" "/var/folders/q4/slcj8vl16nb1hll_m3j12cym0000gn/T/rust_mozprofile.kJRP7MlBfoHf"
1563282360444	addons.webextension.screenshots@mozilla.org	WARN	Loading extension 'screenshots@mozilla.org': Reading manifest: Invalid extension permission: mozillaAddons
1563282360445	addons.webextension.screenshots@mozilla.org	WARN	Loading extension 'screenshots@mozilla.org': Reading manifest: Invalid extension permission: telemetry
1563282360445	addons.webextension.screenshots@mozilla.org	WARN	Loading extension 'screenshots@mozilla.org': Reading manifest: Invalid extension permission: resource://pdf.js/
1563282360445	addons.webextension.screenshots@mozilla.org	WARN	Loading extension 'screenshots@mozilla.org': Reading manifest: Invalid extension permission: about:reader*
1563282362034	Marionette	INFO	Listening on port 52054
1563282362125	Marionette	WARN	TLS certificate errors will be ignored for this session
1563282372287	Marionette	INFO	Stopped listening on port 52054
1563282375962	mozrunner::runner	INFO	Running command: "/Applications/Firefox.app/Contents/MacOS/firefox-bin" "-marionette" "-foreground" "-no-remote" "-profile" "/var/folders/q4/slcj8vl16nb1hll_m3j12cym0000gn/T/rust_mozprofile.OMnPTI0URYLg"
1563282376466	addons.webextension.screenshots@mozilla.org	WARN	Loading extension 'screenshots@mozilla.org': Reading manifest: Invalid extension permission: mozillaAddons
1563282376466	addons.webextension.screenshots@mozilla.org	WARN	Loading extension 'screenshots@mozilla.org': Reading manifest: Invalid extension permission: telemetry
1563282376467	addons.webextension.screenshots@mozilla.org	WARN	Loading extension 'screenshots@mozilla.org': Reading manifest: Invalid extension permission: resource://pdf.js/
1563282376467	addons.webextension.screenshots@mozilla.org	WARN	Loading extension 'screenshots@mozilla.org': Reading manifest: Invalid extension permission: about:reader*
1563282378249	Marionette	INFO	Listening on port 52115
1563282378331	Marionette	WARN	TLS certificate errors will be ignored for this session
1563282388117	Marionette	INFO	Stopped listening on port 52115
1563282390837	mozrunner::runner	INFO	Running command: "/Applications/Firefox.app/Contents/MacOS/firefox-bin" "-marionette" "-foreground" "-no-remote" "-profile" "/var/folders/q4/slcj8vl16nb1hll_m3j12cym0000gn/T/rust_mozprofile.grP7LlDPqEWv"
1563282391302	addons.webextension.screenshots@mozilla.org	WARN	Loading extension 'screenshots@mozilla.org': Reading manifest: Invalid extension permission: mozillaAddons
1563282391302	addons.webextension.screenshots@mozilla.org	WARN	Loading extension 'screenshots@mozilla.org': Reading manifest: Invalid extension permission: telemetry
1563282391302	addons.webextension.screenshots@mozilla.org	WARN	Loading extension 'screenshots@mozilla.org': Reading manifest: Invalid extension permission: resource://pdf.js/
1563282391302	addons.webextension.screenshots@mozilla.org	WARN	Loading extension 'screenshots@mozilla.org': Reading manifest: Invalid extension permission: about:reader*
1563282392891	Marionette	INFO	Listening on port 52182
1563282392899	Marionette	WARN	TLS certificate errors will be ignored for this session
1563282402815	Marionette	INFO	Stopped listening on port 52182
1563282406564	mozrunner::runner	INFO	Running command: "/Applications/Firefox.app/Contents/MacOS/firefox-bin" "-marionette" "-foreground" "-no-remote" "-profile" "/var/folders/q4/slcj8vl16nb1hll_m3j12cym0000gn/T/rust_mozprofile.pwH1SlhxWiB8"
1563282407049	addons.webextension.screenshots@mozilla.org	WARN	Loading extension 'screenshots@mozilla.org': Reading manifest: Invalid extension permission: mozillaAddons
1563282407049	addons.webextension.screenshots@mozilla.org	WARN	Loading extension 'screenshots@mozilla.org': Reading manifest: Invalid extension permission: telemetry
1563282407049	addons.webextension.screenshots@mozilla.org	WARN	Loading extension 'screenshots@mozilla.org': Reading manifest: Invalid extension permission: resource://pdf.js/
1563282407049	addons.webextension.screenshots@mozilla.org	WARN	Loading extension 'screenshots@mozilla.org': Reading manifest: Invalid extension permission: about:reader*
1563282408611	Marionette	INFO	Listening on port 52245
1563282408618	Marionette	WARN	TLS certificate errors will be ignored for this session
1563282419129	Marionette	INFO	Stopped listening on port 52245
1563282422870	mozrunner::runner	INFO	Running command: "/Applications/Firefox.app/Contents/MacOS/firefox-bin" "-marionette" "-foreground" "-no-remote" "-profile" "/var/folders/q4/slcj8vl16nb1hll_m3j12cym0000gn/T/rust_mozprofile.hCzLHuZBlGXH"
1563282423352	addons.webextension.screenshots@mozilla.org	WARN	Loading extension 'screenshots@mozilla.org': Reading manifest: Invalid extension permission: mozillaAddons
1563282423352	addons.webextension.screenshots@mozilla.org	WARN	Loading extension 'screenshots@mozilla.org': Reading manifest: Invalid extension permission: telemetry
1563282423352	addons.webextension.screenshots@mozilla.org	WARN	Loading extension 'screenshots@mozilla.org': Reading manifest: Invalid extension permission: resource://pdf.js/
1563282423352	addons.webextension.screenshots@mozilla.org	WARN	Loading extension 'screenshots@mozilla.org': Reading manifest: Invalid extension permission: about:reader*
1563282424922	Marionette	INFO	Listening on port 52306
1563282425031	Marionette	WARN	TLS certificate errors will be ignored for this session
JavaScript warning: resource://devtools/client/shared/demangle.js, line 0: Successfully compiled asm.js code (total compilation time 72ms)
1563282436723	Marionette	INFO	Stopped listening on port 52306
console.error: (new Error("Connection closed, pending request to server1.conn0.child1/memoryActor6, type detach failed\n\nRequest stack:\nrequest@resource://devtools/shared/protocol.js:1386:14\ngenerateRequestMethods/</frontProto[name]@resource://devtools/shared/protocol.js:1510:19\ndestroy@resource://devtools/client/memory/panel.js:59:32\n_destroyToolbox@resource://devtools/client/framework/toolbox.js:3192:32\ndestroy@resource://devtools/client/framework/toolbox.js:3131:28\n_forgetBrowserWindow@resource://devtools/client/framework/devtools-browser.js:678:17\ndestroy@resource://devtools/client/framework/devtools-browser.js:720:24\nobserve@resource://devtools/client/framework/devtools-browser.js:158:26\nGeckoDriver.prototype.quit@chrome://marionette/content/driver.js:3380:20\ndespatch@chrome://marionette/content/server.js:289:40\nexecute@chrome://marionette/content/server.js:262:16\nonPacket/<@chrome://marionette/content/server.js:235:20\nonPacket@chrome://marionette/content/server.js:236:9\n_onJSONObjectReady/<@chrome://marionette/content/transport.js:492:20\n", "resource://devtools/shared/protocol.js", 1299))
console.warn: "Error while detaching the thread front: 'detach' request packet to 'server1.conn0.child1/context18' can't be sent as the connection is closed."
1563282439628	mozrunner::runner	INFO	Running command: "/Applications/Firefox.app/Contents/MacOS/firefox-bin" "-marionette" "-foreground" "-no-remote" "-profile" "/var/folders/q4/slcj8vl16nb1hll_m3j12cym0000gn/T/rust_mozprofile.MMKgTgJz68d9"
1563282440152	addons.webextension.screenshots@mozilla.org	WARN	Loading extension 'screenshots@mozilla.org': Reading manifest: Invalid extension permission: mozillaAddons
1563282440152	addons.webextension.screenshots@mozilla.org	WARN	Loading extension 'screenshots@mozilla.org': Reading manifest: Invalid extension permission: telemetry
1563282440152	addons.webextension.screenshots@mozilla.org	WARN	Loading extension 'screenshots@mozilla.org': Reading manifest: Invalid extension permission: resource://pdf.js/
1563282440152	addons.webextension.screenshots@mozilla.org	WARN	Loading extension 'screenshots@mozilla.org': Reading manifest: Invalid extension permission: about:reader*
1563282441772	Marionette	INFO	Listening on port 52365
1563282441780	Marionette	WARN	TLS certificate errors will be ignored for this session
console.error: (new Error("Connection closed, pending request to server1.conn0.child1/memoryActor6, type detach failed\n\nRequest stack:\nrequest@resource://devtools/shared/protocol.js:1386:14\ngenerateRequestMethods/</frontProto[name]@resource://devtools/shared/protocol.js:1510:19\ndestroy@resource://devtools/client/memory/panel.js:59:32\n_destroyToolbox@resource://devtools/client/framework/toolbox.js:3192:32\ndestroy@resource://devtools/client/framework/toolbox.js:3131:28\n_forgetBrowserWindow@resource://devtools/client/framework/devtools-browser.js:678:17\nhandleEvent@resource://devtools/client/framework/devtools-browser.js:699:26\n", "resource://devtools/shared/protocol.js", 1299))
console.warn: "Error while detaching the thread front: 'detach' request packet to 'server1.conn0.child1/context18' can't be sent as the connection is closed."
1563282476052	Marionette	INFO	Stopped listening on port 52365
1563282496267	Marionette	INFO	Stopped listening on port 51912
1563282560554	mozrunner::runner	INFO	Running command: "/Applications/Firefox.app/Contents/MacOS/firefox-bin" "-marionette" "-foreground" "-no-remote" "-profile" "/var/folders/q4/slcj8vl16nb1hll_m3j12cym0000gn/T/rust_mozprofile.mxy543kxW6lf"
1563282561014	addons.webextension.screenshots@mozilla.org	WARN	Loading extension 'screenshots@mozilla.org': Reading manifest: Invalid extension permission: mozillaAddons
1563282561015	addons.webextension.screenshots@mozilla.org	WARN	Loading extension 'screenshots@mozilla.org': Reading manifest: Invalid extension permission: telemetry
1563282561015	addons.webextension.screenshots@mozilla.org	WARN	Loading extension 'screenshots@mozilla.org': Reading manifest: Invalid extension permission: resource://pdf.js/
1563282561015	addons.webextension.screenshots@mozilla.org	WARN	Loading extension 'screenshots@mozilla.org': Reading manifest: Invalid extension permission: about:reader*
1563282562605	Marionette	INFO	Listening on port 52443
1563282562616	Marionette	WARN	TLS certificate errors will be ignored for this session
1563282573449	Marionette	INFO	Stopped listening on port 52443
1563282576164	mozrunner::runner	INFO	Running command: "/Applications/Firefox.app/Contents/MacOS/firefox-bin" "-marionette" "-foreground" "-no-remote" "-profile" "/var/folders/q4/slcj8vl16nb1hll_m3j12cym0000gn/T/rust_mozprofile.5NnVa4jj867K"
1563282576631	addons.webextension.screenshots@mozilla.org	WARN	Loading extension 'screenshots@mozilla.org': Reading manifest: Invalid extension permission: mozillaAddons
1563282576631	addons.webextension.screenshots@mozilla.org	WARN	Loading extension 'screenshots@mozilla.org': Reading manifest: Invalid extension permission: telemetry
1563282576632	addons.webextension.screenshots@mozilla.org	WARN	Loading extension 'screenshots@mozilla.org': Reading manifest: Invalid extension permission: resource://pdf.js/
1563282576632	addons.webextension.screenshots@mozilla.org	WARN	Loading extension 'screenshots@mozilla.org': Reading manifest: Invalid extension permission: about:reader*
1563282578244	Marionette	INFO	Listening on port 52503
1563282578320	Marionette	WARN	TLS certificate errors will be ignored for this session
1563282601247	Marionette	INFO	Stopped listening on port 52503
